<?xml version="1.0" encoding="UTF-8"?>
<!-- Generated by org.testng.reporters.JUnitReportReporter -->
<testsuite hostname="HW0817" name="scripts.TC1" tests="1" failures="0" timestamp="15 Jul 2015 11:16:51 GMT" time="11.384" errors="0">
  <testcase name="testTC1" time="11.384" classname="scripts.TC1"/>
</testsuite> <!-- scripts.TC1 -->
